\BOOKMARK [0][-]{chapter.1}{\376\377\000D\000a\000t\000a\000\040\000S\000t\000r\000u\000c\000t\000u\000r\000e\000\040\000I\000n\000d\000e\000x}{}% 1
\BOOKMARK [1][-]{section.1.1}{\376\377\000D\000a\000t\000a\000\040\000S\000t\000r\000u\000c\000t\000u\000r\000e\000s}{chapter.1}% 2
\BOOKMARK [0][-]{chapter.2}{\376\377\000F\000i\000l\000e\000\040\000I\000n\000d\000e\000x}{}% 3
\BOOKMARK [1][-]{section.2.1}{\376\377\000F\000i\000l\000e\000\040\000L\000i\000s\000t}{chapter.2}% 4
\BOOKMARK [0][-]{chapter.3}{\376\377\000D\000a\000t\000a\000\040\000S\000t\000r\000u\000c\000t\000u\000r\000e\000\040\000D\000o\000c\000u\000m\000e\000n\000t\000a\000t\000i\000o\000n}{}% 5
\BOOKMARK [1][-]{section.3.1}{\376\377\000c\000o\000n\000d\000v\000a\000r\000\040\000S\000t\000r\000u\000c\000t\000\040\000R\000e\000f\000e\000r\000e\000n\000c\000e}{chapter.3}% 6
\BOOKMARK [2][-]{subsection.3.1.1}{\376\377\000D\000e\000t\000a\000i\000l\000e\000d\000\040\000D\000e\000s\000c\000r\000i\000p\000t\000i\000o\000n}{section.3.1}% 7
\BOOKMARK [2][-]{subsection.3.1.2}{\376\377\000F\000i\000e\000l\000d\000\040\000D\000o\000c\000u\000m\000e\000n\000t\000a\000t\000i\000o\000n}{section.3.1}% 8
\BOOKMARK [3][-]{subsubsection.3.1.2.1}{\376\377\000c\000o\000n\000d\000\137\000q\000u\000e\000u\000e}{subsection.3.1.2}% 9
\BOOKMARK [3][-]{subsubsection.3.1.2.2}{\376\377\000m\000u\000t\000e\000x}{subsection.3.1.2}% 10
\BOOKMARK [1][-]{section.3.2}{\376\377\000l\000i\000s\000t\000\040\000S\000t\000r\000u\000c\000t\000\040\000R\000e\000f\000e\000r\000e\000n\000c\000e}{chapter.3}% 11
\BOOKMARK [2][-]{subsection.3.2.1}{\376\377\000D\000e\000t\000a\000i\000l\000e\000d\000\040\000D\000e\000s\000c\000r\000i\000p\000t\000i\000o\000n}{section.3.2}% 12
\BOOKMARK [2][-]{subsection.3.2.2}{\376\377\000F\000i\000e\000l\000d\000\040\000D\000o\000c\000u\000m\000e\000n\000t\000a\000t\000i\000o\000n}{section.3.2}% 13
\BOOKMARK [3][-]{subsubsection.3.2.2.1}{\376\377\000e\000l\000e\000m}{subsection.3.2.2}% 14
\BOOKMARK [3][-]{subsubsection.3.2.2.2}{\376\377\000n\000e\000x\000t}{subsection.3.2.2}% 15
\BOOKMARK [1][-]{section.3.3}{\376\377\000m\000a\000i\000l\000b\000o\000x\000\040\000S\000t\000r\000u\000c\000t\000\040\000R\000e\000f\000e\000r\000e\000n\000c\000e}{chapter.3}% 16
\BOOKMARK [2][-]{subsection.3.3.1}{\376\377\000D\000e\000t\000a\000i\000l\000e\000d\000\040\000D\000e\000s\000c\000r\000i\000p\000t\000i\000o\000n}{section.3.3}% 17
\BOOKMARK [2][-]{subsection.3.3.2}{\376\377\000F\000i\000e\000l\000d\000\040\000D\000o\000c\000u\000m\000e\000n\000t\000a\000t\000i\000o\000n}{section.3.3}% 18
\BOOKMARK [3][-]{subsubsection.3.3.2.1}{\376\377\000c\000o\000u\000n\000t}{subsection.3.3.2}% 19
\BOOKMARK [3][-]{subsubsection.3.3.2.2}{\376\377\000m\000r\000e\000c\000v}{subsection.3.3.2}% 20
\BOOKMARK [3][-]{subsubsection.3.3.2.3}{\376\377\000m\000s\000e\000n\000d}{subsection.3.3.2}% 21
\BOOKMARK [3][-]{subsubsection.3.3.2.4}{\376\377\000m\000s\000g}{subsection.3.3.2}% 22
\BOOKMARK [3][-]{subsubsection.3.3.2.5}{\376\377\000n\000\137\000w\000a\000i\000t\000i\000n\000g\000\137\000t\000a\000s\000k\000s}{subsection.3.3.2}% 23
\BOOKMARK [1][-]{section.3.4}{\376\377\000m\000e\000m\000\137\000b\000l\000o\000c\000k\000\040\000S\000t\000r\000u\000c\000t\000\040\000R\000e\000f\000e\000r\000e\000n\000c\000e}{chapter.3}% 24
\BOOKMARK [2][-]{subsection.3.4.1}{\376\377\000F\000i\000e\000l\000d\000\040\000D\000o\000c\000u\000m\000e\000n\000t\000a\000t\000i\000o\000n}{section.3.4}% 25
\BOOKMARK [3][-]{subsubsection.3.4.1.1}{\376\377\000n\000e\000x\000t}{subsection.3.4.1}% 26
\BOOKMARK [3][-]{subsubsection.3.4.1.2}{\376\377\000s\000i\000z\000e}{subsection.3.4.1}% 27
\BOOKMARK [1][-]{section.3.5}{\376\377\000m\000e\000m\000\137\000c\000h\000u\000n\000k\000\040\000S\000t\000r\000u\000c\000t\000\040\000R\000e\000f\000e\000r\000e\000n\000c\000e}{chapter.3}% 28
\BOOKMARK [2][-]{subsection.3.5.1}{\376\377\000F\000i\000e\000l\000d\000\040\000D\000o\000c\000u\000m\000e\000n\000t\000a\000t\000i\000o\000n}{section.3.5}% 29
\BOOKMARK [3][-]{subsubsection.3.5.1.1}{\376\377\000s\000i\000z\000e}{subsection.3.5.1}% 30
\BOOKMARK [1][-]{section.3.6}{\376\377\000m\000e\000m\000\137\000c\000h\000u\000n\000k\000\137\000p\000t\000r\000\040\000S\000t\000r\000u\000c\000t\000\040\000R\000e\000f\000e\000r\000e\000n\000c\000e}{chapter.3}% 31
\BOOKMARK [2][-]{subsection.3.6.1}{\376\377\000F\000i\000e\000l\000d\000\040\000D\000o\000c\000u\000m\000e\000n\000t\000a\000t\000i\000o\000n}{section.3.6}% 32
\BOOKMARK [3][-]{subsubsection.3.6.1.1}{\376\377\000f\000r\000e\000e}{subsection.3.6.1}% 33
\BOOKMARK [3][-]{subsubsection.3.6.1.2}{\376\377\000h\000e\000a\000p}{subsection.3.6.1}% 34
\BOOKMARK [1][-]{section.3.7}{\376\377\000m\000e\000m\000\137\000h\000e\000a\000d\000e\000r\000\137\000u\000n\000i\000o\000n\000\040\000U\000n\000i\000o\000n\000\040\000R\000e\000f\000e\000r\000e\000n\000c\000e}{chapter.3}% 35
\BOOKMARK [2][-]{subsection.3.7.1}{\376\377\000F\000i\000e\000l\000d\000\040\000D\000o\000c\000u\000m\000e\000n\000t\000a\000t\000i\000o\000n}{section.3.7}% 36
\BOOKMARK [3][-]{subsubsection.3.7.1.1}{\376\377\000a\000l\000i\000g\000n\000\137\000d\000u\000m\000m\000y}{subsection.3.7.1}% 37
\BOOKMARK [3][-]{subsubsection.3.7.1.2}{\376\377\000n\000e\000x\000t}{subsection.3.7.1}% 38
\BOOKMARK [3][-]{subsubsection.3.7.1.3}{\376\377\000s}{subsection.3.7.1}% 39
\BOOKMARK [3][-]{subsubsection.3.7.1.4}{\376\377\000s\000i\000z\000e}{subsection.3.7.1}% 40
\BOOKMARK [1][-]{section.3.8}{\376\377\000m\000t\000x\000\040\000S\000t\000r\000u\000c\000t\000\040\000R\000e\000f\000e\000r\000e\000n\000c\000e}{chapter.3}% 41
\BOOKMARK [2][-]{subsection.3.8.1}{\376\377\000D\000e\000t\000a\000i\000l\000e\000d\000\040\000D\000e\000s\000c\000r\000i\000p\000t\000i\000o\000n}{section.3.8}% 42
\BOOKMARK [2][-]{subsection.3.8.2}{\376\377\000F\000i\000e\000l\000d\000\040\000D\000o\000c\000u\000m\000e\000n\000t\000a\000t\000i\000o\000n}{section.3.8}% 43
\BOOKMARK [3][-]{subsubsection.3.8.2.1}{\376\377\000l\000e\000v\000e\000l}{subsection.3.8.2}% 44
\BOOKMARK [3][-]{subsubsection.3.8.2.2}{\376\377\000l\000o\000c\000k}{subsection.3.8.2}% 45
\BOOKMARK [3][-]{subsubsection.3.8.2.3}{\376\377\000w\000a\000i\000t\000i\000n\000g}{subsection.3.8.2}% 46
\BOOKMARK [1][-]{section.3.9}{\376\377\000p\000c\000b\000\137\000e\000n\000t\000r\000y\000\040\000S\000t\000r\000u\000c\000t\000\040\000R\000e\000f\000e\000r\000e\000n\000c\000e}{chapter.3}% 47
\BOOKMARK [2][-]{subsection.3.9.1}{\376\377\000F\000i\000e\000l\000d\000\040\000D\000o\000c\000u\000m\000e\000n\000t\000a\000t\000i\000o\000n}{section.3.9}% 48
\BOOKMARK [3][-]{subsubsection.3.9.1.1}{\376\377\000c\000o\000o\000p\000\137\000c\000s\000w\000i\000t\000c\000h}{subsection.3.9.1}% 49
\BOOKMARK [3][-]{subsubsection.3.9.1.2}{\376\377\000i\000n\000t\000e\000r\000r\000u\000p\000t\000s}{subsection.3.9.1}% 50
\BOOKMARK [3][-]{subsubsection.3.9.1.3}{\376\377\000p\000r\000e\000e\000m\000p\000t\000\137\000c\000s\000w\000i\000t\000c\000h}{subsection.3.9.1}% 51
\BOOKMARK [1][-]{section.3.10}{\376\377\000q\000u\000e\000u\000e\000\040\000S\000t\000r\000u\000c\000t\000\040\000R\000e\000f\000e\000r\000e\000n\000c\000e}{chapter.3}% 52
\BOOKMARK [2][-]{subsection.3.10.1}{\376\377\000D\000e\000t\000a\000i\000l\000e\000d\000\040\000D\000e\000s\000c\000r\000i\000p\000t\000i\000o\000n}{section.3.10}% 53
\BOOKMARK [2][-]{subsection.3.10.2}{\376\377\000F\000i\000e\000l\000d\000\040\000D\000o\000c\000u\000m\000e\000n\000t\000a\000t\000i\000o\000n}{section.3.10}% 54
\BOOKMARK [3][-]{subsubsection.3.10.2.1}{\376\377\000d\000a\000t\000a}{subsection.3.10.2}% 55
\BOOKMARK [3][-]{subsubsection.3.10.2.2}{\376\377\000e\000l\000e\000m}{subsection.3.10.2}% 56
\BOOKMARK [3][-]{subsubsection.3.10.2.3}{\376\377\000h\000e\000a\000d}{subsection.3.10.2}% 57
\BOOKMARK [3][-]{subsubsection.3.10.2.4}{\376\377\000s\000i\000z\000e}{subsection.3.10.2}% 58
\BOOKMARK [3][-]{subsubsection.3.10.2.5}{\376\377\000t\000a\000i\000l}{subsection.3.10.2}% 59
\BOOKMARK [1][-]{section.3.11}{\376\377\000s\000e\000m\000\040\000S\000t\000r\000u\000c\000t\000\040\000R\000e\000f\000e\000r\000e\000n\000c\000e}{chapter.3}% 60
\BOOKMARK [2][-]{subsection.3.11.1}{\376\377\000D\000e\000t\000a\000i\000l\000e\000d\000\040\000D\000e\000s\000c\000r\000i\000p\000t\000i\000o\000n}{section.3.11}% 61
\BOOKMARK [2][-]{subsection.3.11.2}{\376\377\000F\000i\000e\000l\000d\000\040\000D\000o\000c\000u\000m\000e\000n\000t\000a\000t\000i\000o\000n}{section.3.11}% 62
\BOOKMARK [3][-]{subsubsection.3.11.2.1}{\376\377\000c\000o\000u\000n\000t}{subsection.3.11.2}% 63
\BOOKMARK [3][-]{subsubsection.3.11.2.2}{\376\377\000s\000e\000m\000\137\000q\000u\000e\000u\000e}{subsection.3.11.2}% 64
\BOOKMARK [1][-]{section.3.12}{\376\377\000t\000c\000b\000\137\000e\000n\000t\000r\000y\000\040\000S\000t\000r\000u\000c\000t\000\040\000R\000e\000f\000e\000r\000e\000n\000c\000e}{chapter.3}% 65
\BOOKMARK [2][-]{subsection.3.12.1}{\376\377\000D\000e\000t\000a\000i\000l\000e\000d\000\040\000D\000e\000s\000c\000r\000i\000p\000t\000i\000o\000n}{section.3.12}% 66
\BOOKMARK [2][-]{subsection.3.12.2}{\376\377\000F\000i\000e\000l\000d\000\040\000D\000o\000c\000u\000m\000e\000n\000t\000a\000t\000i\000o\000n}{section.3.12}% 67
\BOOKMARK [3][-]{subsubsection.3.12.2.1}{\376\377\000b\000g\000j\000o\000b\000s}{subsection.3.12.2}% 68
\BOOKMARK [3][-]{subsubsection.3.12.2.2}{\376\377\000c\000a\000p\000a\000c\000i\000t\000y}{subsection.3.12.2}% 69
\BOOKMARK [3][-]{subsubsection.3.12.2.3}{\376\377\000c\000a\000p\000a\000c\000i\000t\000y\000\137\000r\000e\000m}{subsection.3.12.2}% 70
\BOOKMARK [3][-]{subsubsection.3.12.2.4}{\376\377\000d\000e\000a\000d\000l\000i\000n\000e}{subsection.3.12.2}% 71
\BOOKMARK [3][-]{subsubsection.3.12.2.5}{\376\377\000d\000e\000a\000d\000l\000i\000n\000e\000\137\000m\000i\000s\000s\000e\000s}{subsection.3.12.2}% 72
\BOOKMARK [3][-]{subsubsection.3.12.2.6}{\376\377\000d\000e\000a\000d\000l\000i\000n\000e\000\137\000r\000e\000m}{subsection.3.12.2}% 73
\BOOKMARK [3][-]{subsubsection.3.12.2.7}{\376\377\000d\000e\000l\000a\000y}{subsection.3.12.2}% 74
\BOOKMARK [3][-]{subsubsection.3.12.2.8}{\376\377\000i\000d}{subsection.3.12.2}% 75
\BOOKMARK [3][-]{subsubsection.3.12.2.9}{\376\377\000n\000a\000m\000e}{subsection.3.12.2}% 76
\BOOKMARK [3][-]{subsubsection.3.12.2.10}{\376\377\000o\000t\000h\000e\000r\000\137\000d\000a\000t\000a}{subsection.3.12.2}% 77
\BOOKMARK [3][-]{subsubsection.3.12.2.11}{\376\377\000p\000e\000r\000i\000o\000d}{subsection.3.12.2}% 78
\BOOKMARK [3][-]{subsubsection.3.12.2.12}{\376\377\000p\000s\000t\000a\000c\000k}{subsection.3.12.2}% 79
\BOOKMARK [3][-]{subsubsection.3.12.2.13}{\376\377\000p\000t\000a\000s\000k}{subsection.3.12.2}% 80
\BOOKMARK [3][-]{subsubsection.3.12.2.14}{\376\377\000r\000t\000j\000o\000b\000s}{subsection.3.12.2}% 81
\BOOKMARK [3][-]{subsubsection.3.12.2.15}{\376\377\000s\000t\000a\000c\000k\000\137\000s\000i\000z\000e}{subsection.3.12.2}% 82
\BOOKMARK [3][-]{subsubsection.3.12.2.16}{\376\377\000s\000t\000a\000t\000e}{subsection.3.12.2}% 83
\BOOKMARK [3][-]{subsubsection.3.12.2.17}{\376\377\000t\000a\000s\000k\000\137\000c\000o\000n\000t\000e\000x\000t}{subsection.3.12.2}% 84
\BOOKMARK [0][-]{chapter.4}{\376\377\000F\000i\000l\000e\000\040\000D\000o\000c\000u\000m\000e\000n\000t\000a\000t\000i\000o\000n}{}% 85
\BOOKMARK [1][-]{section.4.1}{\376\377\000d\000r\000i\000v\000e\000r\000s\000/\000n\000o\000c\000/\000i\000n\000c\000l\000u\000d\000e\000/\000n\000o\000c\000.\000h\000\040\000F\000i\000l\000e\000\040\000R\000e\000f\000e\000r\000e\000n\000c\000e}{chapter.4}% 86
\BOOKMARK [2][-]{subsection.4.1.1}{\376\377\000D\000e\000t\000a\000i\000l\000e\000d\000\040\000D\000e\000s\000c\000r\000i\000p\000t\000i\000o\000n}{section.4.1}% 87
\BOOKMARK [2][-]{subsection.4.1.2}{\376\377\000L\000I\000C\000E\000N\000S\000E}{section.4.1}% 88
\BOOKMARK [2][-]{subsection.4.1.3}{\376\377\000D\000E\000S\000C\000R\000I\000P\000T\000I\000O\000N}{section.4.1}% 89
\BOOKMARK [2][-]{subsection.4.1.4}{\376\377\000F\000u\000n\000c\000t\000i\000o\000n\000\040\000D\000o\000c\000u\000m\000e\000n\000t\000a\000t\000i\000o\000n}{section.4.1}% 90
\BOOKMARK [3][-]{subsubsection.4.1.4.1}{\376\377\000h\000f\000\137\000c\000o\000m\000m\000\137\000c\000r\000e\000a\000t\000e}{subsection.4.1.4}% 91
\BOOKMARK [3][-]{subsubsection.4.1.4.2}{\376\377\000h\000f\000\137\000c\000o\000m\000m\000\137\000d\000e\000s\000t\000r\000o\000y}{subsection.4.1.4}% 92
\BOOKMARK [3][-]{subsubsection.4.1.4.3}{\376\377\000h\000f\000\137\000c\000p\000u\000i\000d}{subsection.4.1.4}% 93
\BOOKMARK [3][-]{subsubsection.4.1.4.4}{\376\377\000h\000f\000\137\000n\000c\000o\000r\000e\000s}{subsection.4.1.4}% 94
\BOOKMARK [3][-]{subsubsection.4.1.4.5}{\376\377\000h\000f\000\137\000r\000e\000c\000v}{subsection.4.1.4}% 95
\BOOKMARK [3][-]{subsubsection.4.1.4.6}{\376\377\000h\000f\000\137\000r\000e\000c\000v\000a\000c\000k}{subsection.4.1.4}% 96
\BOOKMARK [3][-]{subsubsection.4.1.4.7}{\376\377\000h\000f\000\137\000s\000e\000n\000d}{subsection.4.1.4}% 97
\BOOKMARK [3][-]{subsubsection.4.1.4.8}{\376\377\000h\000f\000\137\000s\000e\000n\000d\000a\000c\000k}{subsection.4.1.4}% 98
\BOOKMARK [3][-]{subsubsection.4.1.4.9}{\376\377\000n\000i\000\137\000i\000n\000i\000t}{subsection.4.1.4}% 99
\BOOKMARK [3][-]{subsubsection.4.1.4.10}{\376\377\000n\000i\000\137\000i\000s\000r}{subsection.4.1.4}% 100
\BOOKMARK [2][-]{subsection.4.1.5}{\376\377\000V\000a\000r\000i\000a\000b\000l\000e\000\040\000D\000o\000c\000u\000m\000e\000n\000t\000a\000t\000i\000o\000n}{section.4.1}% 101
\BOOKMARK [3][-]{subsubsection.4.1.5.1}{\376\377\000p\000k\000t\000d\000r\000v\000\137\000p\000o\000r\000t\000s}{subsection.4.1.5}% 102
\BOOKMARK [3][-]{subsubsection.4.1.5.2}{\376\377\000p\000k\000t\000d\000r\000v\000\137\000q\000u\000e\000u\000e}{subsection.4.1.5}% 103
\BOOKMARK [3][-]{subsubsection.4.1.5.3}{\376\377\000p\000k\000t\000d\000r\000v\000\137\000t\000q\000u\000e\000u\000e}{subsection.4.1.5}% 104
\BOOKMARK [1][-]{section.4.2}{\376\377\000d\000r\000i\000v\000e\000r\000s\000/\000n\000o\000c\000/\000n\000o\000c\000.\000c\000\040\000F\000i\000l\000e\000\040\000R\000e\000f\000e\000r\000e\000n\000c\000e}{chapter.4}% 105
\BOOKMARK [2][-]{subsection.4.2.1}{\376\377\000D\000e\000t\000a\000i\000l\000e\000d\000\040\000D\000e\000s\000c\000r\000i\000p\000t\000i\000o\000n}{section.4.2}% 106
\BOOKMARK [2][-]{subsection.4.2.2}{\376\377\000L\000I\000C\000E\000N\000S\000E}{section.4.2}% 107
\BOOKMARK [2][-]{subsection.4.2.3}{\376\377\000D\000E\000S\000C\000R\000I\000P\000T\000I\000O\000N}{section.4.2}% 108
\BOOKMARK [2][-]{subsection.4.2.4}{\376\377\000F\000u\000n\000c\000t\000i\000o\000n\000\040\000D\000o\000c\000u\000m\000e\000n\000t\000a\000t\000i\000o\000n}{section.4.2}% 109
\BOOKMARK [3][-]{subsubsection.4.2.4.1}{\376\377\000h\000f\000\137\000c\000o\000m\000m\000\137\000c\000r\000e\000a\000t\000e}{subsection.4.2.4}% 110
\BOOKMARK [3][-]{subsubsection.4.2.4.2}{\376\377\000h\000f\000\137\000c\000o\000m\000m\000\137\000d\000e\000s\000t\000r\000o\000y}{subsection.4.2.4}% 111
\BOOKMARK [3][-]{subsubsection.4.2.4.3}{\376\377\000h\000f\000\137\000c\000p\000u\000i\000d}{subsection.4.2.4}% 112
\BOOKMARK [3][-]{subsubsection.4.2.4.4}{\376\377\000h\000f\000\137\000n\000c\000o\000r\000e\000s}{subsection.4.2.4}% 113
\BOOKMARK [3][-]{subsubsection.4.2.4.5}{\376\377\000h\000f\000\137\000r\000e\000c\000v}{subsection.4.2.4}% 114
\BOOKMARK [3][-]{subsubsection.4.2.4.6}{\376\377\000h\000f\000\137\000r\000e\000c\000v\000a\000c\000k}{subsection.4.2.4}% 115
\BOOKMARK [3][-]{subsubsection.4.2.4.7}{\376\377\000h\000f\000\137\000s\000e\000n\000d}{subsection.4.2.4}% 116
\BOOKMARK [3][-]{subsubsection.4.2.4.8}{\376\377\000h\000f\000\137\000s\000e\000n\000d\000a\000c\000k}{subsection.4.2.4}% 117
\BOOKMARK [3][-]{subsubsection.4.2.4.9}{\376\377\000n\000i\000\137\000i\000n\000i\000t}{subsection.4.2.4}% 118
\BOOKMARK [3][-]{subsubsection.4.2.4.10}{\376\377\000n\000i\000\137\000i\000s\000r}{subsection.4.2.4}% 119
\BOOKMARK [1][-]{section.4.3}{\376\377\000s\000y\000s\000/\000i\000n\000c\000l\000u\000d\000e\000/\000c\000o\000n\000d\000v\000a\000r\000.\000h\000\040\000F\000i\000l\000e\000\040\000R\000e\000f\000e\000r\000e\000n\000c\000e}{chapter.4}% 120
\BOOKMARK [2][-]{subsection.4.3.1}{\376\377\000T\000y\000p\000e\000d\000e\000f\000\040\000D\000o\000c\000u\000m\000e\000n\000t\000a\000t\000i\000o\000n}{section.4.3}% 121
\BOOKMARK [3][-]{subsubsection.4.3.1.1}{\376\377\000c\000o\000n\000d\000\137\000t}{subsection.4.3.1}% 122
\BOOKMARK [2][-]{subsection.4.3.2}{\376\377\000F\000u\000n\000c\000t\000i\000o\000n\000\040\000D\000o\000c\000u\000m\000e\000n\000t\000a\000t\000i\000o\000n}{section.4.3}% 123
\BOOKMARK [3][-]{subsubsection.4.3.2.1}{\376\377\000h\000f\000\137\000c\000o\000n\000d\000b\000r\000o\000a\000d\000c\000a\000s\000t}{subsection.4.3.2}% 124
\BOOKMARK [3][-]{subsubsection.4.3.2.2}{\376\377\000h\000f\000\137\000c\000o\000n\000d\000d\000e\000s\000t\000r\000o\000y}{subsection.4.3.2}% 125
\BOOKMARK [3][-]{subsubsection.4.3.2.3}{\376\377\000h\000f\000\137\000c\000o\000n\000d\000i\000n\000i\000t}{subsection.4.3.2}% 126
\BOOKMARK [3][-]{subsubsection.4.3.2.4}{\376\377\000h\000f\000\137\000c\000o\000n\000d\000s\000i\000g\000n\000a\000l}{subsection.4.3.2}% 127
\BOOKMARK [3][-]{subsubsection.4.3.2.5}{\376\377\000h\000f\000\137\000c\000o\000n\000d\000w\000a\000i\000t}{subsection.4.3.2}% 128
\BOOKMARK [1][-]{section.4.4}{\376\377\000s\000y\000s\000/\000i\000n\000c\000l\000u\000d\000e\000/\000e\000c\000o\000d\000e\000s\000.\000h\000\040\000F\000i\000l\000e\000\040\000R\000e\000f\000e\000r\000e\000n\000c\000e}{chapter.4}% 129
\BOOKMARK [1][-]{section.4.5}{\376\377\000s\000y\000s\000/\000i\000n\000c\000l\000u\000d\000e\000/\000h\000e\000l\000l\000f\000i\000r\000e\000.\000h\000\040\000F\000i\000l\000e\000\040\000R\000e\000f\000e\000r\000e\000n\000c\000e}{chapter.4}% 130
\BOOKMARK [2][-]{subsection.4.5.1}{\376\377\000D\000e\000t\000a\000i\000l\000e\000d\000\040\000D\000e\000s\000c\000r\000i\000p\000t\000i\000o\000n}{section.4.5}% 131
\BOOKMARK [2][-]{subsection.4.5.2}{\376\377\000L\000I\000C\000E\000N\000S\000E}{section.4.5}% 132
\BOOKMARK [2][-]{subsection.4.5.3}{\376\377\000D\000E\000S\000C\000R\000I\000P\000T\000I\000O\000N}{section.4.5}% 133
\BOOKMARK [1][-]{section.4.6}{\376\377\000s\000y\000s\000/\000i\000n\000c\000l\000u\000d\000e\000/\000k\000e\000r\000n\000e\000l\000.\000h\000\040\000F\000i\000l\000e\000\040\000R\000e\000f\000e\000r\000e\000n\000c\000e}{chapter.4}% 134
\BOOKMARK [2][-]{subsection.4.6.1}{\376\377\000D\000e\000t\000a\000i\000l\000e\000d\000\040\000D\000e\000s\000c\000r\000i\000p\000t\000i\000o\000n}{section.4.6}% 135
\BOOKMARK [2][-]{subsection.4.6.2}{\376\377\000L\000I\000C\000E\000N\000S\000E}{section.4.6}% 136
\BOOKMARK [2][-]{subsection.4.6.3}{\376\377\000D\000E\000S\000C\000R\000I\000P\000T\000I\000O\000N}{section.4.6}% 137
\BOOKMARK [2][-]{subsection.4.6.4}{\376\377\000V\000a\000r\000i\000a\000b\000l\000e\000\040\000D\000o\000c\000u\000m\000e\000n\000t\000a\000t\000i\000o\000n}{section.4.6}% 138
\BOOKMARK [3][-]{subsubsection.4.6.4.1}{\376\377\000k\000r\000n\000l\000\137\000c\000u\000r\000r\000e\000n\000t\000\137\000t\000a\000s\000k}{subsection.4.6.4}% 139
\BOOKMARK [3][-]{subsubsection.4.6.4.2}{\376\377\000k\000r\000n\000l\000\137\000d\000e\000l\000a\000y\000\137\000q\000u\000e\000u\000e}{subsection.4.6.4}% 140
\BOOKMARK [3][-]{subsubsection.4.6.4.3}{\376\377\000k\000r\000n\000l\000\137\000e\000v\000e\000n\000t\000\137\000q\000u\000e\000u\000e}{subsection.4.6.4}% 141
\BOOKMARK [3][-]{subsubsection.4.6.4.4}{\376\377\000k\000r\000n\000l\000\137\000f\000r\000e\000e}{subsection.4.6.4}% 142
\BOOKMARK [3][-]{subsubsection.4.6.4.5}{\376\377\000k\000r\000n\000l\000\137\000h\000e\000a\000p}{subsection.4.6.4}% 143
\BOOKMARK [3][-]{subsubsection.4.6.4.6}{\376\377\000k\000r\000n\000l\000\137\000p\000c\000b}{subsection.4.6.4}% 144
\BOOKMARK [3][-]{subsubsection.4.6.4.7}{\376\377\000k\000r\000n\000l\000\137\000r\000t\000\137\000q\000u\000e\000u\000e}{subsection.4.6.4}% 145
\BOOKMARK [3][-]{subsubsection.4.6.4.8}{\376\377\000k\000r\000n\000l\000\137\000r\000u\000n\000\137\000q\000u\000e\000u\000e}{subsection.4.6.4}% 146
\BOOKMARK [3][-]{subsubsection.4.6.4.9}{\376\377\000k\000r\000n\000l\000\137\000s\000c\000h\000e\000d\000u\000l\000e}{subsection.4.6.4}% 147
\BOOKMARK [3][-]{subsubsection.4.6.4.10}{\376\377\000k\000r\000n\000l\000\137\000t\000a\000s\000k}{subsection.4.6.4}% 148
\BOOKMARK [3][-]{subsubsection.4.6.4.11}{\376\377\000k\000r\000n\000l\000\137\000t\000a\000s\000k\000s}{subsection.4.6.4}% 149
\BOOKMARK [3][-]{subsubsection.4.6.4.12}{\376\377\000k\000r\000n\000l\000\137\000t\000c\000b}{subsection.4.6.4}% 150
\BOOKMARK [1][-]{section.4.7}{\376\377\000s\000y\000s\000/\000i\000n\000c\000l\000u\000d\000e\000/\000k\000p\000r\000i\000n\000t\000f\000.\000h\000\040\000F\000i\000l\000e\000\040\000R\000e\000f\000e\000r\000e\000n\000c\000e}{chapter.4}% 151
\BOOKMARK [2][-]{subsection.4.7.1}{\376\377\000F\000u\000n\000c\000t\000i\000o\000n\000\040\000D\000o\000c\000u\000m\000e\000n\000t\000a\000t\000i\000o\000n}{section.4.7}% 152
\BOOKMARK [3][-]{subsubsection.4.7.1.1}{\376\377\000d\000p\000r\000i\000n\000t\000f}{subsection.4.7.1}% 153
\BOOKMARK [3][-]{subsubsection.4.7.1.2}{\376\377\000k\000p\000r\000i\000n\000t\000f}{subsection.4.7.1}% 154
\BOOKMARK [1][-]{section.4.8}{\376\377\000s\000y\000s\000/\000i\000n\000c\000l\000u\000d\000e\000/\000l\000i\000s\000t\000.\000h\000\040\000F\000i\000l\000e\000\040\000R\000e\000f\000e\000r\000e\000n\000c\000e}{chapter.4}% 155
\BOOKMARK [2][-]{subsection.4.8.1}{\376\377\000F\000u\000n\000c\000t\000i\000o\000n\000\040\000D\000o\000c\000u\000m\000e\000n\000t\000a\000t\000i\000o\000n}{section.4.8}% 156
\BOOKMARK [3][-]{subsubsection.4.8.1.1}{\376\377\000h\000f\000\137\000l\000i\000s\000t\000\137\000a\000p\000p\000e\000n\000d}{subsection.4.8.1}% 157
\BOOKMARK [3][-]{subsubsection.4.8.1.2}{\376\377\000h\000f\000\137\000l\000i\000s\000t\000\137\000c\000o\000u\000n\000t}{subsection.4.8.1}% 158
\BOOKMARK [3][-]{subsubsection.4.8.1.3}{\376\377\000h\000f\000\137\000l\000i\000s\000t\000\137\000g\000e\000t}{subsection.4.8.1}% 159
\BOOKMARK [3][-]{subsubsection.4.8.1.4}{\376\377\000h\000f\000\137\000l\000i\000s\000t\000\137\000i\000n\000i\000t}{subsection.4.8.1}% 160
\BOOKMARK [3][-]{subsubsection.4.8.1.5}{\376\377\000h\000f\000\137\000l\000i\000s\000t\000\137\000i\000n\000s\000e\000r\000t}{subsection.4.8.1}% 161
\BOOKMARK [3][-]{subsubsection.4.8.1.6}{\376\377\000h\000f\000\137\000l\000i\000s\000t\000\137\000r\000e\000m\000o\000v\000e}{subsection.4.8.1}% 162
\BOOKMARK [3][-]{subsubsection.4.8.1.7}{\376\377\000h\000f\000\137\000l\000i\000s\000t\000\137\000s\000e\000t}{subsection.4.8.1}% 163
\BOOKMARK [1][-]{section.4.9}{\376\377\000s\000y\000s\000/\000i\000n\000c\000l\000u\000d\000e\000/\000m\000a\000i\000l\000b\000o\000x\000.\000h\000\040\000F\000i\000l\000e\000\040\000R\000e\000f\000e\000r\000e\000n\000c\000e}{chapter.4}% 164
\BOOKMARK [2][-]{subsection.4.9.1}{\376\377\000T\000y\000p\000e\000d\000e\000f\000\040\000D\000o\000c\000u\000m\000e\000n\000t\000a\000t\000i\000o\000n}{section.4.9}% 165
\BOOKMARK [3][-]{subsubsection.4.9.1.1}{\376\377\000m\000a\000i\000l\000\137\000t}{subsection.4.9.1}% 166
\BOOKMARK [2][-]{subsection.4.9.2}{\376\377\000F\000u\000n\000c\000t\000i\000o\000n\000\040\000D\000o\000c\000u\000m\000e\000n\000t\000a\000t\000i\000o\000n}{section.4.9}% 167
\BOOKMARK [3][-]{subsubsection.4.9.2.1}{\376\377\000h\000f\000\137\000m\000b\000o\000x\000a\000c\000c\000e\000p\000t}{subsection.4.9.2}% 168
\BOOKMARK [3][-]{subsubsection.4.9.2.2}{\376\377\000h\000f\000\137\000m\000b\000o\000x\000i\000n\000i\000t}{subsection.4.9.2}% 169
\BOOKMARK [3][-]{subsubsection.4.9.2.3}{\376\377\000h\000f\000\137\000m\000b\000o\000x\000r\000e\000c\000v}{subsection.4.9.2}% 170
\BOOKMARK [3][-]{subsubsection.4.9.2.4}{\376\377\000h\000f\000\137\000m\000b\000o\000x\000s\000e\000n\000d}{subsection.4.9.2}% 171
\BOOKMARK [1][-]{section.4.10}{\376\377\000s\000y\000s\000/\000i\000n\000c\000l\000u\000d\000e\000/\000m\000a\000i\000n\000.\000h\000\040\000F\000i\000l\000e\000\040\000R\000e\000f\000e\000r\000e\000n\000c\000e}{chapter.4}% 172
\BOOKMARK [2][-]{subsection.4.10.1}{\376\377\000F\000u\000n\000c\000t\000i\000o\000n\000\040\000D\000o\000c\000u\000m\000e\000n\000t\000a\000t\000i\000o\000n}{section.4.10}% 173
\BOOKMARK [3][-]{subsubsection.4.10.1.1}{\376\377\000a\000p\000p\000\137\000m\000a\000i\000n}{subsection.4.10.1}% 174
\BOOKMARK [1][-]{section.4.11}{\376\377\000s\000y\000s\000/\000i\000n\000c\000l\000u\000d\000e\000/\000m\000a\000l\000l\000o\000c\000.\000h\000\040\000F\000i\000l\000e\000\040\000R\000e\000f\000e\000r\000e\000n\000c\000e}{chapter.4}% 175
\BOOKMARK [2][-]{subsection.4.11.1}{\376\377\000D\000e\000t\000a\000i\000l\000e\000d\000\040\000D\000e\000s\000c\000r\000i\000p\000t\000i\000o\000n}{section.4.11}% 176
\BOOKMARK [2][-]{subsection.4.11.2}{\376\377\000L\000I\000C\000E\000N\000S\000E}{section.4.11}% 177
\BOOKMARK [2][-]{subsection.4.11.3}{\376\377\000D\000E\000S\000C\000R\000I\000P\000T\000I\000O\000N}{section.4.11}% 178
\BOOKMARK [2][-]{subsection.4.11.4}{\376\377\000T\000y\000p\000e\000d\000e\000f\000\040\000D\000o\000c\000u\000m\000e\000n\000t\000a\000t\000i\000o\000n}{section.4.11}% 179
\BOOKMARK [3][-]{subsubsection.4.11.4.1}{\376\377\000a\000l\000i\000g\000n}{subsection.4.11.4}% 180
\BOOKMARK [3][-]{subsubsection.4.11.4.2}{\376\377\000m\000e\000m\000\137\000h\000e\000a\000d\000e\000r\000\137\000t}{subsection.4.11.4}% 181
\BOOKMARK [2][-]{subsection.4.11.5}{\376\377\000F\000u\000n\000c\000t\000i\000o\000n\000\040\000D\000o\000c\000u\000m\000e\000n\000t\000a\000t\000i\000o\000n}{section.4.11}% 182
\BOOKMARK [3][-]{subsubsection.4.11.5.1}{\376\377\000h\000e\000a\000p\000i\000n\000i\000t}{subsection.4.11.5}% 183
\BOOKMARK [3][-]{subsubsection.4.11.5.2}{\376\377\000h\000f\000\137\000c\000a\000l\000l\000o\000c}{subsection.4.11.5}% 184
\BOOKMARK [3][-]{subsubsection.4.11.5.3}{\376\377\000h\000f\000\137\000f\000r\000e\000e}{subsection.4.11.5}% 185
\BOOKMARK [3][-]{subsubsection.4.11.5.4}{\376\377\000h\000f\000\137\000m\000a\000l\000l\000o\000c}{subsection.4.11.5}% 186
\BOOKMARK [3][-]{subsubsection.4.11.5.5}{\376\377\000h\000f\000\137\000r\000e\000a\000l\000l\000o\000c}{subsection.4.11.5}% 187
\BOOKMARK [2][-]{subsection.4.11.6}{\376\377\000V\000a\000r\000i\000a\000b\000l\000e\000\040\000D\000o\000c\000u\000m\000e\000n\000t\000a\000t\000i\000o\000n}{section.4.11}% 188
\BOOKMARK [3][-]{subsubsection.4.11.6.1}{\376\377\000f\000f}{subsection.4.11.6}% 189
\BOOKMARK [3][-]{subsubsection.4.11.6.2}{\376\377\000k\000r\000n\000l\000\137\000h\000e\000a\000p\000\137\000p\000t\000r}{subsection.4.11.6}% 190
\BOOKMARK [1][-]{section.4.12}{\376\377\000s\000y\000s\000/\000i\000n\000c\000l\000u\000d\000e\000/\000m\000u\000t\000e\000x\000.\000h\000\040\000F\000i\000l\000e\000\040\000R\000e\000f\000e\000r\000e\000n\000c\000e}{chapter.4}% 191
\BOOKMARK [2][-]{subsection.4.12.1}{\376\377\000T\000y\000p\000e\000d\000e\000f\000\040\000D\000o\000c\000u\000m\000e\000n\000t\000a\000t\000i\000o\000n}{section.4.12}% 192
\BOOKMARK [3][-]{subsubsection.4.12.1.1}{\376\377\000m\000u\000t\000e\000x\000\137\000t}{subsection.4.12.1}% 193
\BOOKMARK [2][-]{subsection.4.12.2}{\376\377\000F\000u\000n\000c\000t\000i\000o\000n\000\040\000D\000o\000c\000u\000m\000e\000n\000t\000a\000t\000i\000o\000n}{section.4.12}% 194
\BOOKMARK [3][-]{subsubsection.4.12.2.1}{\376\377\000h\000f\000\137\000m\000t\000x\000i\000n\000i\000t}{subsection.4.12.2}% 195
\BOOKMARK [3][-]{subsubsection.4.12.2.2}{\376\377\000h\000f\000\137\000m\000t\000x\000l\000o\000c\000k}{subsection.4.12.2}% 196
\BOOKMARK [3][-]{subsubsection.4.12.2.3}{\376\377\000h\000f\000\137\000m\000t\000x\000u\000n\000l\000o\000c\000k}{subsection.4.12.2}% 197
\BOOKMARK [1][-]{section.4.13}{\376\377\000s\000y\000s\000/\000i\000n\000c\000l\000u\000d\000e\000/\000p\000a\000n\000i\000c\000.\000h\000\040\000F\000i\000l\000e\000\040\000R\000e\000f\000e\000r\000e\000n\000c\000e}{chapter.4}% 198
\BOOKMARK [2][-]{subsection.4.13.1}{\376\377\000F\000u\000n\000c\000t\000i\000o\000n\000\040\000D\000o\000c\000u\000m\000e\000n\000t\000a\000t\000i\000o\000n}{section.4.13}% 199
\BOOKMARK [3][-]{subsubsection.4.13.1.1}{\376\377\000p\000a\000n\000i\000c}{subsection.4.13.1}% 200
\BOOKMARK [1][-]{section.4.14}{\376\377\000s\000y\000s\000/\000i\000n\000c\000l\000u\000d\000e\000/\000p\000r\000o\000c\000e\000s\000s\000o\000r\000.\000h\000\040\000F\000i\000l\000e\000\040\000R\000e\000f\000e\000r\000e\000n\000c\000e}{chapter.4}% 201
\BOOKMARK [2][-]{subsection.4.14.1}{\376\377\000F\000u\000n\000c\000t\000i\000o\000n\000\040\000D\000o\000c\000u\000m\000e\000n\000t\000a\000t\000i\000o\000n}{section.4.14}% 202
\BOOKMARK [3][-]{subsubsection.4.14.1.1}{\376\377\000h\000f\000\137\000c\000p\000u\000l\000o\000a\000d}{subsection.4.14.1}% 203
\BOOKMARK [3][-]{subsubsection.4.14.1.2}{\376\377\000h\000f\000\137\000f\000r\000e\000e\000c\000p\000u}{subsection.4.14.1}% 204
\BOOKMARK [3][-]{subsubsection.4.14.1.3}{\376\377\000h\000f\000\137\000f\000r\000e\000e\000m\000e\000m}{subsection.4.14.1}% 205
\BOOKMARK [3][-]{subsubsection.4.14.1.4}{\376\377\000h\000f\000\137\000s\000c\000h\000e\000d\000l\000o\000c\000k}{subsection.4.14.1}% 206
\BOOKMARK [1][-]{section.4.15}{\376\377\000s\000y\000s\000/\000i\000n\000c\000l\000u\000d\000e\000/\000q\000u\000e\000u\000e\000.\000h\000\040\000F\000i\000l\000e\000\040\000R\000e\000f\000e\000r\000e\000n\000c\000e}{chapter.4}% 207
\BOOKMARK [2][-]{subsection.4.15.1}{\376\377\000F\000u\000n\000c\000t\000i\000o\000n\000\040\000D\000o\000c\000u\000m\000e\000n\000t\000a\000t\000i\000o\000n}{section.4.15}% 208
\BOOKMARK [3][-]{subsubsection.4.15.1.1}{\376\377\000h\000f\000\137\000q\000u\000e\000u\000e\000\137\000a\000d\000d\000t\000a\000i\000l}{subsection.4.15.1}% 209
\BOOKMARK [3][-]{subsubsection.4.15.1.2}{\376\377\000h\000f\000\137\000q\000u\000e\000u\000e\000\137\000c\000o\000u\000n\000t}{subsection.4.15.1}% 210
\BOOKMARK [3][-]{subsubsection.4.15.1.3}{\376\377\000h\000f\000\137\000q\000u\000e\000u\000e\000\137\000c\000r\000e\000a\000t\000e}{subsection.4.15.1}% 211
\BOOKMARK [3][-]{subsubsection.4.15.1.4}{\376\377\000h\000f\000\137\000q\000u\000e\000u\000e\000\137\000d\000e\000s\000t\000r\000o\000y}{subsection.4.15.1}% 212
\BOOKMARK [3][-]{subsubsection.4.15.1.5}{\376\377\000h\000f\000\137\000q\000u\000e\000u\000e\000\137\000g\000e\000t}{subsection.4.15.1}% 213
\BOOKMARK [3][-]{subsubsection.4.15.1.6}{\376\377\000h\000f\000\137\000q\000u\000e\000u\000e\000\137\000r\000e\000m\000h\000e\000a\000d}{subsection.4.15.1}% 214
\BOOKMARK [3][-]{subsubsection.4.15.1.7}{\376\377\000h\000f\000\137\000q\000u\000e\000u\000e\000\137\000r\000e\000m\000t\000a\000i\000l}{subsection.4.15.1}% 215
\BOOKMARK [3][-]{subsubsection.4.15.1.8}{\376\377\000h\000f\000\137\000q\000u\000e\000u\000e\000\137\000s\000e\000t}{subsection.4.15.1}% 216
\BOOKMARK [3][-]{subsubsection.4.15.1.9}{\376\377\000h\000f\000\137\000q\000u\000e\000u\000e\000\137\000s\000w\000a\000p}{subsection.4.15.1}% 217
\BOOKMARK [1][-]{section.4.16}{\376\377\000s\000y\000s\000/\000i\000n\000c\000l\000u\000d\000e\000/\000s\000c\000h\000e\000d\000u\000l\000e\000r\000.\000h\000\040\000F\000i\000l\000e\000\040\000R\000e\000f\000e\000r\000e\000n\000c\000e}{chapter.4}% 218
\BOOKMARK [2][-]{subsection.4.16.1}{\376\377\000F\000u\000n\000c\000t\000i\000o\000n\000\040\000D\000o\000c\000u\000m\000e\000n\000t\000a\000t\000i\000o\000n}{section.4.16}% 219
\BOOKMARK [3][-]{subsubsection.4.16.1.1}{\376\377\000d\000i\000s\000p\000a\000t\000c\000h\000\137\000i\000s\000r}{subsection.4.16.1}% 220
\BOOKMARK [3][-]{subsubsection.4.16.1.2}{\376\377\000s\000c\000h\000e\000d\000\137\000b\000e}{subsection.4.16.1}% 221
\BOOKMARK [3][-]{subsubsection.4.16.1.3}{\376\377\000s\000c\000h\000e\000d\000\137\000r\000t}{subsection.4.16.1}% 222
\BOOKMARK [1][-]{section.4.17}{\376\377\000s\000y\000s\000/\000i\000n\000c\000l\000u\000d\000e\000/\000s\000e\000m\000a\000p\000h\000o\000r\000e\000.\000h\000\040\000F\000i\000l\000e\000\040\000R\000e\000f\000e\000r\000e\000n\000c\000e}{chapter.4}% 223
\BOOKMARK [2][-]{subsection.4.17.1}{\376\377\000T\000y\000p\000e\000d\000e\000f\000\040\000D\000o\000c\000u\000m\000e\000n\000t\000a\000t\000i\000o\000n}{section.4.17}% 224
\BOOKMARK [3][-]{subsubsection.4.17.1.1}{\376\377\000s\000e\000m\000\137\000t}{subsection.4.17.1}% 225
\BOOKMARK [2][-]{subsection.4.17.2}{\376\377\000F\000u\000n\000c\000t\000i\000o\000n\000\040\000D\000o\000c\000u\000m\000e\000n\000t\000a\000t\000i\000o\000n}{section.4.17}% 226
\BOOKMARK [3][-]{subsubsection.4.17.2.1}{\376\377\000h\000f\000\137\000s\000e\000m\000d\000e\000s\000t\000r\000o\000y}{subsection.4.17.2}% 227
\BOOKMARK [3][-]{subsubsection.4.17.2.2}{\376\377\000h\000f\000\137\000s\000e\000m\000i\000n\000i\000t}{subsection.4.17.2}% 228
\BOOKMARK [3][-]{subsubsection.4.17.2.3}{\376\377\000h\000f\000\137\000s\000e\000m\000p\000o\000s\000t}{subsection.4.17.2}% 229
\BOOKMARK [3][-]{subsubsection.4.17.2.4}{\376\377\000h\000f\000\137\000s\000e\000m\000w\000a\000i\000t}{subsection.4.17.2}% 230
\BOOKMARK [1][-]{section.4.18}{\376\377\000s\000y\000s\000/\000i\000n\000c\000l\000u\000d\000e\000/\000t\000a\000s\000k\000.\000h\000\040\000F\000i\000l\000e\000\040\000R\000e\000f\000e\000r\000e\000n\000c\000e}{chapter.4}% 231
\BOOKMARK [2][-]{subsection.4.18.1}{\376\377\000F\000u\000n\000c\000t\000i\000o\000n\000\040\000D\000o\000c\000u\000m\000e\000n\000t\000a\000t\000i\000o\000n}{section.4.18}% 232
\BOOKMARK [3][-]{subsubsection.4.18.1.1}{\376\377\000h\000f\000\137\000b\000l\000o\000c\000k}{subsection.4.18.1}% 233
\BOOKMARK [3][-]{subsubsection.4.18.1.2}{\376\377\000h\000f\000\137\000d\000e\000l\000a\000y}{subsection.4.18.1}% 234
\BOOKMARK [3][-]{subsubsection.4.18.1.3}{\376\377\000h\000f\000\137\000d\000l\000m}{subsection.4.18.1}% 235
\BOOKMARK [3][-]{subsubsection.4.18.1.4}{\376\377\000h\000f\000\137\000i\000d}{subsection.4.18.1}% 236
\BOOKMARK [3][-]{subsubsection.4.18.1.5}{\376\377\000h\000f\000\137\000j\000o\000b\000s}{subsection.4.18.1}% 237
\BOOKMARK [3][-]{subsubsection.4.18.1.6}{\376\377\000h\000f\000\137\000k\000i\000l\000l}{subsection.4.18.1}% 238
\BOOKMARK [3][-]{subsubsection.4.18.1.7}{\376\377\000h\000f\000\137\000n\000a\000m\000e}{subsection.4.18.1}% 239
\BOOKMARK [3][-]{subsubsection.4.18.1.8}{\376\377\000h\000f\000\137\000r\000e\000s\000u\000m\000e}{subsection.4.18.1}% 240
\BOOKMARK [3][-]{subsubsection.4.18.1.9}{\376\377\000h\000f\000\137\000s\000e\000l\000f\000i\000d}{subsection.4.18.1}% 241
\BOOKMARK [3][-]{subsubsection.4.18.1.10}{\376\377\000h\000f\000\137\000s\000e\000l\000f\000n\000a\000m\000e}{subsection.4.18.1}% 242
\BOOKMARK [3][-]{subsubsection.4.18.1.11}{\376\377\000h\000f\000\137\000s\000p\000a\000w\000n}{subsection.4.18.1}% 243
\BOOKMARK [3][-]{subsubsection.4.18.1.12}{\376\377\000h\000f\000\137\000s\000t\000a\000t\000e}{subsection.4.18.1}% 244
\BOOKMARK [3][-]{subsubsection.4.18.1.13}{\376\377\000h\000f\000\137\000y\000i\000e\000l\000d}{subsection.4.18.1}% 245
\BOOKMARK [1][-]{section.4.19}{\376\377\000s\000y\000s\000/\000k\000e\000r\000n\000e\000l\000/\000m\000a\000i\000n\000.\000c\000\040\000F\000i\000l\000e\000\040\000R\000e\000f\000e\000r\000e\000n\000c\000e}{chapter.4}% 246
\BOOKMARK [2][-]{subsection.4.19.1}{\376\377\000D\000e\000t\000a\000i\000l\000e\000d\000\040\000D\000e\000s\000c\000r\000i\000p\000t\000i\000o\000n}{section.4.19}% 247
\BOOKMARK [2][-]{subsection.4.19.2}{\376\377\000L\000I\000C\000E\000N\000S\000E}{section.4.19}% 248
\BOOKMARK [2][-]{subsection.4.19.3}{\376\377\000D\000E\000S\000C\000R\000I\000P\000T\000I\000O\000N}{section.4.19}% 249
\BOOKMARK [2][-]{subsection.4.19.4}{\376\377\000F\000u\000n\000c\000t\000i\000o\000n\000\040\000D\000o\000c\000u\000m\000e\000n\000t\000a\000t\000i\000o\000n}{section.4.19}% 250
\BOOKMARK [3][-]{subsubsection.4.19.4.1}{\376\377\000m\000a\000i\000n}{subsection.4.19.4}% 251
\BOOKMARK [1][-]{section.4.20}{\376\377\000s\000y\000s\000/\000k\000e\000r\000n\000e\000l\000/\000p\000a\000n\000i\000c\000.\000c\000\040\000F\000i\000l\000e\000\040\000R\000e\000f\000e\000r\000e\000n\000c\000e}{chapter.4}% 252
\BOOKMARK [2][-]{subsection.4.20.1}{\376\377\000D\000e\000t\000a\000i\000l\000e\000d\000\040\000D\000e\000s\000c\000r\000i\000p\000t\000i\000o\000n}{section.4.20}% 253
\BOOKMARK [2][-]{subsection.4.20.2}{\376\377\000L\000I\000C\000E\000N\000S\000E}{section.4.20}% 254
\BOOKMARK [2][-]{subsection.4.20.3}{\376\377\000D\000E\000S\000C\000R\000I\000P\000T\000I\000O\000N}{section.4.20}% 255
\BOOKMARK [2][-]{subsection.4.20.4}{\376\377\000F\000u\000n\000c\000t\000i\000o\000n\000\040\000D\000o\000c\000u\000m\000e\000n\000t\000a\000t\000i\000o\000n}{section.4.20}% 256
\BOOKMARK [3][-]{subsubsection.4.20.4.1}{\376\377\000p\000a\000n\000i\000c}{subsection.4.20.4}% 257
\BOOKMARK [1][-]{section.4.21}{\376\377\000s\000y\000s\000/\000k\000e\000r\000n\000e\000l\000/\000p\000r\000o\000c\000e\000s\000s\000o\000r\000.\000c\000\040\000F\000i\000l\000e\000\040\000R\000e\000f\000e\000r\000e\000n\000c\000e}{chapter.4}% 258
\BOOKMARK [2][-]{subsection.4.21.1}{\376\377\000D\000e\000t\000a\000i\000l\000e\000d\000\040\000D\000e\000s\000c\000r\000i\000p\000t\000i\000o\000n}{section.4.21}% 259
\BOOKMARK [2][-]{subsection.4.21.2}{\376\377\000L\000I\000C\000E\000N\000S\000E}{section.4.21}% 260
\BOOKMARK [2][-]{subsection.4.21.3}{\376\377\000D\000E\000S\000C\000R\000I\000P\000T\000I\000O\000N}{section.4.21}% 261
\BOOKMARK [2][-]{subsection.4.21.4}{\376\377\000F\000u\000n\000c\000t\000i\000o\000n\000\040\000D\000o\000c\000u\000m\000e\000n\000t\000a\000t\000i\000o\000n}{section.4.21}% 262
\BOOKMARK [3][-]{subsubsection.4.21.4.1}{\376\377\000h\000f\000\137\000c\000p\000u\000l\000o\000a\000d}{subsection.4.21.4}% 263
\BOOKMARK [3][-]{subsubsection.4.21.4.2}{\376\377\000h\000f\000\137\000f\000r\000e\000e\000c\000p\000u}{subsection.4.21.4}% 264
\BOOKMARK [3][-]{subsubsection.4.21.4.3}{\376\377\000h\000f\000\137\000f\000r\000e\000e\000m\000e\000m}{subsection.4.21.4}% 265
\BOOKMARK [3][-]{subsubsection.4.21.4.4}{\376\377\000h\000f\000\137\000s\000c\000h\000e\000d\000l\000o\000c\000k}{subsection.4.21.4}% 266
\BOOKMARK [1][-]{section.4.22}{\376\377\000s\000y\000s\000/\000k\000e\000r\000n\000e\000l\000/\000s\000c\000h\000e\000d\000u\000l\000e\000r\000.\000c\000\040\000F\000i\000l\000e\000\040\000R\000e\000f\000e\000r\000e\000n\000c\000e}{chapter.4}% 267
\BOOKMARK [2][-]{subsection.4.22.1}{\376\377\000D\000e\000t\000a\000i\000l\000e\000d\000\040\000D\000e\000s\000c\000r\000i\000p\000t\000i\000o\000n}{section.4.22}% 268
\BOOKMARK [2][-]{subsection.4.22.2}{\376\377\000L\000I\000C\000E\000N\000S\000E}{section.4.22}% 269
\BOOKMARK [2][-]{subsection.4.22.3}{\376\377\000D\000E\000S\000C\000R\000I\000P\000T\000I\000O\000N}{section.4.22}% 270
\BOOKMARK [2][-]{subsection.4.22.4}{\376\377\000F\000u\000n\000c\000t\000i\000o\000n\000\040\000D\000o\000c\000u\000m\000e\000n\000t\000a\000t\000i\000o\000n}{section.4.22}% 271
\BOOKMARK [3][-]{subsubsection.4.22.4.1}{\376\377\000d\000i\000s\000p\000a\000t\000c\000h\000\137\000i\000s\000r}{subsection.4.22.4}% 272
\BOOKMARK [3][-]{subsubsection.4.22.4.2}{\376\377\000s\000c\000h\000e\000d\000\137\000b\000e}{subsection.4.22.4}% 273
\BOOKMARK [3][-]{subsubsection.4.22.4.3}{\376\377\000s\000c\000h\000e\000d\000\137\000r\000t}{subsection.4.22.4}% 274
\BOOKMARK [1][-]{section.4.23}{\376\377\000s\000y\000s\000/\000k\000e\000r\000n\000e\000l\000/\000t\000a\000s\000k\000.\000c\000\040\000F\000i\000l\000e\000\040\000R\000e\000f\000e\000r\000e\000n\000c\000e}{chapter.4}% 275
\BOOKMARK [2][-]{subsection.4.23.1}{\376\377\000D\000e\000t\000a\000i\000l\000e\000d\000\040\000D\000e\000s\000c\000r\000i\000p\000t\000i\000o\000n}{section.4.23}% 276
\BOOKMARK [2][-]{subsection.4.23.2}{\376\377\000L\000I\000C\000E\000N\000S\000E}{section.4.23}% 277
\BOOKMARK [2][-]{subsection.4.23.3}{\376\377\000D\000E\000S\000C\000R\000I\000P\000T\000I\000O\000N}{section.4.23}% 278
\BOOKMARK [2][-]{subsection.4.23.4}{\376\377\000F\000u\000n\000c\000t\000i\000o\000n\000\040\000D\000o\000c\000u\000m\000e\000n\000t\000a\000t\000i\000o\000n}{section.4.23}% 279
\BOOKMARK [3][-]{subsubsection.4.23.4.1}{\376\377\000h\000f\000\137\000b\000l\000o\000c\000k}{subsection.4.23.4}% 280
\BOOKMARK [3][-]{subsubsection.4.23.4.2}{\376\377\000h\000f\000\137\000d\000e\000l\000a\000y}{subsection.4.23.4}% 281
\BOOKMARK [3][-]{subsubsection.4.23.4.3}{\376\377\000h\000f\000\137\000d\000l\000m}{subsection.4.23.4}% 282
\BOOKMARK [3][-]{subsubsection.4.23.4.4}{\376\377\000h\000f\000\137\000i\000d}{subsection.4.23.4}% 283
\BOOKMARK [3][-]{subsubsection.4.23.4.5}{\376\377\000h\000f\000\137\000j\000o\000b\000s}{subsection.4.23.4}% 284
\BOOKMARK [3][-]{subsubsection.4.23.4.6}{\376\377\000h\000f\000\137\000k\000i\000l\000l}{subsection.4.23.4}% 285
\BOOKMARK [3][-]{subsubsection.4.23.4.7}{\376\377\000h\000f\000\137\000n\000a\000m\000e}{subsection.4.23.4}% 286
\BOOKMARK [3][-]{subsubsection.4.23.4.8}{\376\377\000h\000f\000\137\000r\000e\000s\000u\000m\000e}{subsection.4.23.4}% 287
\BOOKMARK [3][-]{subsubsection.4.23.4.9}{\376\377\000h\000f\000\137\000s\000e\000l\000f\000i\000d}{subsection.4.23.4}% 288
\BOOKMARK [3][-]{subsubsection.4.23.4.10}{\376\377\000h\000f\000\137\000s\000e\000l\000f\000n\000a\000m\000e}{subsection.4.23.4}% 289
\BOOKMARK [3][-]{subsubsection.4.23.4.11}{\376\377\000h\000f\000\137\000s\000p\000a\000w\000n}{subsection.4.23.4}% 290
\BOOKMARK [3][-]{subsubsection.4.23.4.12}{\376\377\000h\000f\000\137\000s\000t\000a\000t\000e}{subsection.4.23.4}% 291
\BOOKMARK [3][-]{subsubsection.4.23.4.13}{\376\377\000h\000f\000\137\000y\000i\000e\000l\000d}{subsection.4.23.4}% 292
\BOOKMARK [1][-]{section.4.24}{\376\377\000s\000y\000s\000/\000l\000i\000b\000/\000k\000p\000r\000i\000n\000t\000f\000.\000c\000\040\000F\000i\000l\000e\000\040\000R\000e\000f\000e\000r\000e\000n\000c\000e}{chapter.4}% 293
\BOOKMARK [2][-]{subsection.4.24.1}{\376\377\000D\000e\000t\000a\000i\000l\000e\000d\000\040\000D\000e\000s\000c\000r\000i\000p\000t\000i\000o\000n}{section.4.24}% 294
\BOOKMARK [2][-]{subsection.4.24.2}{\376\377\000L\000I\000C\000E\000N\000S\000E}{section.4.24}% 295
\BOOKMARK [2][-]{subsection.4.24.3}{\376\377\000D\000E\000S\000C\000R\000I\000P\000T\000I\000O\000N}{section.4.24}% 296
\BOOKMARK [2][-]{subsection.4.24.4}{\376\377\000F\000u\000n\000c\000t\000i\000o\000n\000\040\000D\000o\000c\000u\000m\000e\000n\000t\000a\000t\000i\000o\000n}{section.4.24}% 297
\BOOKMARK [3][-]{subsubsection.4.24.4.1}{\376\377\000d\000p\000r\000i\000n\000t\000f}{subsection.4.24.4}% 298
\BOOKMARK [3][-]{subsubsection.4.24.4.2}{\376\377\000k\000p\000r\000i\000n\000t\000f}{subsection.4.24.4}% 299
\BOOKMARK [1][-]{section.4.25}{\376\377\000s\000y\000s\000/\000l\000i\000b\000/\000l\000i\000s\000t\000.\000c\000\040\000F\000i\000l\000e\000\040\000R\000e\000f\000e\000r\000e\000n\000c\000e}{chapter.4}% 300
\BOOKMARK [2][-]{subsection.4.25.1}{\376\377\000D\000e\000t\000a\000i\000l\000e\000d\000\040\000D\000e\000s\000c\000r\000i\000p\000t\000i\000o\000n}{section.4.25}% 301
\BOOKMARK [2][-]{subsection.4.25.2}{\376\377\000L\000I\000C\000E\000N\000S\000E}{section.4.25}% 302
\BOOKMARK [2][-]{subsection.4.25.3}{\376\377\000D\000E\000S\000C\000R\000I\000P\000T\000I\000O\000N}{section.4.25}% 303
\BOOKMARK [2][-]{subsection.4.25.4}{\376\377\000F\000u\000n\000c\000t\000i\000o\000n\000\040\000D\000o\000c\000u\000m\000e\000n\000t\000a\000t\000i\000o\000n}{section.4.25}% 304
\BOOKMARK [3][-]{subsubsection.4.25.4.1}{\376\377\000h\000f\000\137\000l\000i\000s\000t\000\137\000a\000p\000p\000e\000n\000d}{subsection.4.25.4}% 305
\BOOKMARK [3][-]{subsubsection.4.25.4.2}{\376\377\000h\000f\000\137\000l\000i\000s\000t\000\137\000c\000o\000u\000n\000t}{subsection.4.25.4}% 306
\BOOKMARK [3][-]{subsubsection.4.25.4.3}{\376\377\000h\000f\000\137\000l\000i\000s\000t\000\137\000g\000e\000t}{subsection.4.25.4}% 307
\BOOKMARK [3][-]{subsubsection.4.25.4.4}{\376\377\000h\000f\000\137\000l\000i\000s\000t\000\137\000i\000n\000i\000t}{subsection.4.25.4}% 308
\BOOKMARK [3][-]{subsubsection.4.25.4.5}{\376\377\000h\000f\000\137\000l\000i\000s\000t\000\137\000i\000n\000s\000e\000r\000t}{subsection.4.25.4}% 309
\BOOKMARK [3][-]{subsubsection.4.25.4.6}{\376\377\000h\000f\000\137\000l\000i\000s\000t\000\137\000r\000e\000m\000o\000v\000e}{subsection.4.25.4}% 310
\BOOKMARK [3][-]{subsubsection.4.25.4.7}{\376\377\000h\000f\000\137\000l\000i\000s\000t\000\137\000s\000e\000t}{subsection.4.25.4}% 311
\BOOKMARK [1][-]{section.4.26}{\376\377\000s\000y\000s\000/\000l\000i\000b\000/\000m\000a\000l\000l\000o\000c\000.\000c\000\040\000F\000i\000l\000e\000\040\000R\000e\000f\000e\000r\000e\000n\000c\000e}{chapter.4}% 312
\BOOKMARK [2][-]{subsection.4.26.1}{\376\377\000F\000u\000n\000c\000t\000i\000o\000n\000\040\000D\000o\000c\000u\000m\000e\000n\000t\000a\000t\000i\000o\000n}{section.4.26}% 313
\BOOKMARK [3][-]{subsubsection.4.26.1.1}{\376\377\000h\000e\000a\000p\000i\000n\000i\000t}{subsection.4.26.1}% 314
\BOOKMARK [3][-]{subsubsection.4.26.1.2}{\376\377\000h\000f\000\137\000c\000a\000l\000l\000o\000c}{subsection.4.26.1}% 315
\BOOKMARK [3][-]{subsubsection.4.26.1.3}{\376\377\000h\000f\000\137\000f\000r\000e\000e}{subsection.4.26.1}% 316
\BOOKMARK [3][-]{subsubsection.4.26.1.4}{\376\377\000h\000f\000\137\000m\000a\000l\000l\000o\000c}{subsection.4.26.1}% 317
\BOOKMARK [3][-]{subsubsection.4.26.1.5}{\376\377\000h\000f\000\137\000r\000e\000a\000l\000l\000o\000c}{subsection.4.26.1}% 318
\BOOKMARK [1][-]{section.4.27}{\376\377\000s\000y\000s\000/\000l\000i\000b\000/\000q\000u\000e\000u\000e\000.\000c\000\040\000F\000i\000l\000e\000\040\000R\000e\000f\000e\000r\000e\000n\000c\000e}{chapter.4}% 319
\BOOKMARK [2][-]{subsection.4.27.1}{\376\377\000D\000e\000t\000a\000i\000l\000e\000d\000\040\000D\000e\000s\000c\000r\000i\000p\000t\000i\000o\000n}{section.4.27}% 320
\BOOKMARK [2][-]{subsection.4.27.2}{\376\377\000L\000I\000C\000E\000N\000S\000E}{section.4.27}% 321
\BOOKMARK [2][-]{subsection.4.27.3}{\376\377\000D\000E\000S\000C\000R\000I\000P\000T\000I\000O\000N}{section.4.27}% 322
\BOOKMARK [2][-]{subsection.4.27.4}{\376\377\000F\000u\000n\000c\000t\000i\000o\000n\000\040\000D\000o\000c\000u\000m\000e\000n\000t\000a\000t\000i\000o\000n}{section.4.27}% 323
\BOOKMARK [3][-]{subsubsection.4.27.4.1}{\376\377\000h\000f\000\137\000q\000u\000e\000u\000e\000\137\000a\000d\000d\000t\000a\000i\000l}{subsection.4.27.4}% 324
\BOOKMARK [3][-]{subsubsection.4.27.4.2}{\376\377\000h\000f\000\137\000q\000u\000e\000u\000e\000\137\000c\000o\000u\000n\000t}{subsection.4.27.4}% 325
\BOOKMARK [3][-]{subsubsection.4.27.4.3}{\376\377\000h\000f\000\137\000q\000u\000e\000u\000e\000\137\000c\000r\000e\000a\000t\000e}{subsection.4.27.4}% 326
\BOOKMARK [3][-]{subsubsection.4.27.4.4}{\376\377\000h\000f\000\137\000q\000u\000e\000u\000e\000\137\000d\000e\000s\000t\000r\000o\000y}{subsection.4.27.4}% 327
\BOOKMARK [3][-]{subsubsection.4.27.4.5}{\376\377\000h\000f\000\137\000q\000u\000e\000u\000e\000\137\000g\000e\000t}{subsection.4.27.4}% 328
\BOOKMARK [3][-]{subsubsection.4.27.4.6}{\376\377\000h\000f\000\137\000q\000u\000e\000u\000e\000\137\000r\000e\000m\000h\000e\000a\000d}{subsection.4.27.4}% 329
\BOOKMARK [3][-]{subsubsection.4.27.4.7}{\376\377\000h\000f\000\137\000q\000u\000e\000u\000e\000\137\000r\000e\000m\000t\000a\000i\000l}{subsection.4.27.4}% 330
\BOOKMARK [3][-]{subsubsection.4.27.4.8}{\376\377\000h\000f\000\137\000q\000u\000e\000u\000e\000\137\000s\000e\000t}{subsection.4.27.4}% 331
\BOOKMARK [3][-]{subsubsection.4.27.4.9}{\376\377\000h\000f\000\137\000q\000u\000e\000u\000e\000\137\000s\000w\000a\000p}{subsection.4.27.4}% 332
\BOOKMARK [1][-]{section.4.28}{\376\377\000s\000y\000s\000/\000s\000y\000n\000c\000/\000c\000o\000n\000d\000v\000a\000r\000.\000c\000\040\000F\000i\000l\000e\000\040\000R\000e\000f\000e\000r\000e\000n\000c\000e}{chapter.4}% 333
\BOOKMARK [2][-]{subsection.4.28.1}{\376\377\000D\000e\000t\000a\000i\000l\000e\000d\000\040\000D\000e\000s\000c\000r\000i\000p\000t\000i\000o\000n}{section.4.28}% 334
\BOOKMARK [2][-]{subsection.4.28.2}{\376\377\000L\000I\000C\000E\000N\000S\000E}{section.4.28}% 335
\BOOKMARK [2][-]{subsection.4.28.3}{\376\377\000D\000E\000S\000C\000R\000I\000P\000T\000I\000O\000N}{section.4.28}% 336
\BOOKMARK [2][-]{subsection.4.28.4}{\376\377\000F\000u\000n\000c\000t\000i\000o\000n\000\040\000D\000o\000c\000u\000m\000e\000n\000t\000a\000t\000i\000o\000n}{section.4.28}% 337
\BOOKMARK [3][-]{subsubsection.4.28.4.1}{\376\377\000h\000f\000\137\000c\000o\000n\000d\000b\000r\000o\000a\000d\000c\000a\000s\000t}{subsection.4.28.4}% 338
\BOOKMARK [3][-]{subsubsection.4.28.4.2}{\376\377\000h\000f\000\137\000c\000o\000n\000d\000d\000e\000s\000t\000r\000o\000y}{subsection.4.28.4}% 339
\BOOKMARK [3][-]{subsubsection.4.28.4.3}{\376\377\000h\000f\000\137\000c\000o\000n\000d\000i\000n\000i\000t}{subsection.4.28.4}% 340
\BOOKMARK [3][-]{subsubsection.4.28.4.4}{\376\377\000h\000f\000\137\000c\000o\000n\000d\000s\000i\000g\000n\000a\000l}{subsection.4.28.4}% 341
\BOOKMARK [3][-]{subsubsection.4.28.4.5}{\376\377\000h\000f\000\137\000c\000o\000n\000d\000w\000a\000i\000t}{subsection.4.28.4}% 342
\BOOKMARK [1][-]{section.4.29}{\376\377\000s\000y\000s\000/\000s\000y\000n\000c\000/\000m\000u\000t\000e\000x\000.\000c\000\040\000F\000i\000l\000e\000\040\000R\000e\000f\000e\000r\000e\000n\000c\000e}{chapter.4}% 343
\BOOKMARK [2][-]{subsection.4.29.1}{\376\377\000D\000e\000t\000a\000i\000l\000e\000d\000\040\000D\000e\000s\000c\000r\000i\000p\000t\000i\000o\000n}{section.4.29}% 344
\BOOKMARK [2][-]{subsection.4.29.2}{\376\377\000L\000I\000C\000E\000N\000S\000E}{section.4.29}% 345
\BOOKMARK [2][-]{subsection.4.29.3}{\376\377\000D\000E\000S\000C\000R\000I\000P\000T\000I\000O\000N}{section.4.29}% 346
\BOOKMARK [2][-]{subsection.4.29.4}{\376\377\000F\000u\000n\000c\000t\000i\000o\000n\000\040\000D\000o\000c\000u\000m\000e\000n\000t\000a\000t\000i\000o\000n}{section.4.29}% 347
\BOOKMARK [3][-]{subsubsection.4.29.4.1}{\376\377\000h\000f\000\137\000m\000t\000x\000i\000n\000i\000t}{subsection.4.29.4}% 348
\BOOKMARK [3][-]{subsubsection.4.29.4.2}{\376\377\000h\000f\000\137\000m\000t\000x\000l\000o\000c\000k}{subsection.4.29.4}% 349
\BOOKMARK [3][-]{subsubsection.4.29.4.3}{\376\377\000h\000f\000\137\000m\000t\000x\000u\000n\000l\000o\000c\000k}{subsection.4.29.4}% 350
\BOOKMARK [1][-]{section.4.30}{\376\377\000s\000y\000s\000/\000s\000y\000n\000c\000/\000s\000e\000m\000a\000p\000h\000o\000r\000e\000.\000c\000\040\000F\000i\000l\000e\000\040\000R\000e\000f\000e\000r\000e\000n\000c\000e}{chapter.4}% 351
\BOOKMARK [2][-]{subsection.4.30.1}{\376\377\000D\000e\000t\000a\000i\000l\000e\000d\000\040\000D\000e\000s\000c\000r\000i\000p\000t\000i\000o\000n}{section.4.30}% 352
\BOOKMARK [2][-]{subsection.4.30.2}{\376\377\000L\000I\000C\000E\000N\000S\000E}{section.4.30}% 353
\BOOKMARK [2][-]{subsection.4.30.3}{\376\377\000D\000E\000S\000C\000R\000I\000P\000T\000I\000O\000N}{section.4.30}% 354
\BOOKMARK [2][-]{subsection.4.30.4}{\376\377\000F\000u\000n\000c\000t\000i\000o\000n\000\040\000D\000o\000c\000u\000m\000e\000n\000t\000a\000t\000i\000o\000n}{section.4.30}% 355
\BOOKMARK [3][-]{subsubsection.4.30.4.1}{\376\377\000h\000f\000\137\000s\000e\000m\000d\000e\000s\000t\000r\000o\000y}{subsection.4.30.4}% 356
\BOOKMARK [3][-]{subsubsection.4.30.4.2}{\376\377\000h\000f\000\137\000s\000e\000m\000i\000n\000i\000t}{subsection.4.30.4}% 357
\BOOKMARK [3][-]{subsubsection.4.30.4.3}{\376\377\000h\000f\000\137\000s\000e\000m\000p\000o\000s\000t}{subsection.4.30.4}% 358
\BOOKMARK [3][-]{subsubsection.4.30.4.4}{\376\377\000h\000f\000\137\000s\000e\000m\000w\000a\000i\000t}{subsection.4.30.4}% 359
